#
# There is insufficient memory for the Java Runtime Environment to continue.
# Native memory allocation (malloc) failed to allocate 1007344 bytes for Chunk::new
# Possible reasons:
#   The system is out of physical RAM or swap space
#   In 32 bit mode, the process size limit was hit
# Possible solutions:
#   Reduce memory load on the system
#   Increase physical memory or swap space
#   Check if swap backing store is full
#   Use 64 bit Java on a 64 bit OS
#   Decrease Java heap size (-Xmx/-Xms)
#   Decrease number of Java threads
#   Decrease Java thread stack sizes (-Xss)
#   Set larger code cache with -XX:ReservedCodeCacheSize=
# This output file may be truncated or incomplete.
#
#  Out of Memory Error (allocation.cpp:390), pid=5356, tid=0x0000000000002b18
#
# JRE version: OpenJDK Runtime Environment (8.0_76-b03) (build 1.8.0_76-release-b03)
# Java VM: OpenJDK 64-Bit Server VM (25.76-b03 mixed mode windows-amd64 compressed oops)
# Failed to write core dump. Minidumps are not enabled by default on client versions of Windows
#

---------------  T H R E A D  ---------------

Current thread (0x0000000015557000):  JavaThread "C2 CompilerThread1" daemon [_thread_in_native, id=11032, stack(0x0000000016cc0000,0x0000000016dc0000)]

Stack: [0x0000000016cc0000,0x0000000016dc0000]
[error occurred during error reporting (printing stack bounds), id 0xc0000005]

Native frames: (J=compiled Java code, j=interpreted, Vv=VM code, C=native code)


Current CompileTask:
C2:   8210 1913       4       com.android.dx.cf.code.Simulator$SimVisitor::visitConstant (332 bytes)


---------------  P R O C E S S  ---------------

Java Threads: ( => current thread )
  0x0000000017093800 JavaThread "pool-1-thread-4" [_thread_blocked, id=2840, stack(0x00000000178c0000,0x00000000179c0000)]
  0x0000000017093000 JavaThread "pool-1-thread-3" [_thread_blocked, id=3388, stack(0x00000000177c0000,0x00000000178c0000)]
  0x0000000017064800 JavaThread "pool-1-thread-2" [_thread_blocked, id=6468, stack(0x00000000176c0000,0x00000000177c0000)]
  0x0000000016ff5800 JavaThread "pool-2-thread-1" [_thread_blocked, id=8036, stack(0x00000000175c0000,0x00000000176c0000)]
  0x0000000016ff3000 JavaThread "pool-1-thread-1" [_thread_blocked, id=4824, stack(0x00000000174c0000,0x00000000175c0000)]
  0x00000000155be800 JavaThread "Service Thread" daemon [_thread_blocked, id=9016, stack(0x00000000172c0000,0x00000000173c0000)]
  0x000000001555a800 JavaThread "C1 CompilerThread2" daemon [_thread_blocked, id=11720, stack(0x0000000016dc0000,0x0000000016ec0000)]
=>0x0000000015557000 JavaThread "C2 CompilerThread1" daemon [_thread_in_native, id=11032, stack(0x0000000016cc0000,0x0000000016dc0000)]
  0x0000000015566800 JavaThread "C2 CompilerThread0" daemon [_thread_in_native, id=9224, stack(0x0000000016bc0000,0x0000000016cc0000)]
  0x0000000015565000 JavaThread "Attach Listener" daemon [_thread_blocked, id=7248, stack(0x0000000016ac0000,0x0000000016bc0000)]
  0x0000000015563800 JavaThread "Signal Dispatcher" daemon [_thread_blocked, id=6896, stack(0x00000000169c0000,0x0000000016ac0000)]
  0x0000000002e6b000 JavaThread "Finalizer" daemon [_thread_blocked, id=9840, stack(0x00000000167c0000,0x00000000168c0000)]
  0x0000000002e5f000 JavaThread "Reference Handler" daemon [_thread_blocked, id=11348, stack(0x00000000166c0000,0x00000000167c0000)]
  0x0000000002d70800 JavaThread "main" [_thread_in_native, id=11920, stack(0x0000000002c60000,0x0000000002d60000)]

Other Threads:
  0x0000000015525000 VMThread [stack: 0x00000000165c0000,0x00000000166c0000] [id=8876]
  0x0000000016ee3800 WatcherThread [stack: 0x00000000173c0000,0x00000000174c0000] [id=6616]

VM state:not at safepoint (normal execution)

VM Mutex/Monitor currently owned by a thread: None

Heap:
 PSYoungGen      total 74240K, used 22122K [0x00000000eab00000, 0x00000000f0000000, 0x0000000100000000)
  eden space 64512K, 20% used [0x00000000eab00000,0x00000000eb7c1c90,0x00000000eea00000)
  from space 9728K, 93% used [0x00000000ef480000,0x00000000efd58db8,0x00000000efe00000)
  to   space 10752K, 0% used [0x00000000eea00000,0x00000000eea00000,0x00000000ef480000)
 ParOldGen       total 44032K, used 19193K [0x00000000c0000000, 0x00000000c2b00000, 0x00000000eab00000)
  object space 44032K, 43% used [0x00000000c0000000,0x00000000c12be4d8,0x00000000c2b00000)
 Metaspace       used 6118K, capacity 7216K, committed 7296K, reserved 1056768K
  class space    used 563K, capacity 616K, committed 640K, reserved 1048576K

Card table byte_map: [0x0000000012230000,0x0000000012440000] byte_map_base: 0x0000000011c30000

Marking Bits: (ParMarkBitMap*) 0x00000000752d9d00
 Begin Bits: [0x00000000129a0000, 0x00000000139a0000)
 End Bits:   [0x00000000139a0000, 0x00000000149a0000)

Polling page: 0x0000000001510000

CodeCache: size=245760Kb used=9389Kb max_used=9401Kb free=236370Kb
 bounds [0x0000000002e70000, 0x00000000037b0000, 0x0000000011e70000]
 total_blobs=2180 nmethods=1918 adapters=175
 compilation: enabled

Compilation events (10 events):
Event: 8.043 Thread 0x000000001555a800 1926       3       com.android.dx.rop.code.CstInsn::contentEquals (31 bytes)
Event: 8.044 Thread 0x000000001555a800 nmethod 1926 0x0000000003765e90 code [0x0000000003766020, 0x00000000037664b8]
Event: 8.082 Thread 0x000000001555a800 1927       3       com.android.dx.rop.annotation.Annotations::combine (24 bytes)
Event: 8.082 Thread 0x000000001555a800 nmethod 1927 0x000000000376c590 code [0x000000000376c740, 0x000000000376cdd8]
Event: 8.099 Thread 0x000000001555a800 1928       1       com.android.dx.cf.attrib.AttEnclosingMethod::byteLength (3 bytes)
Event: 8.099 Thread 0x000000001555a800 nmethod 1928 0x000000000374ebd0 code [0x000000000374ed20, 0x000000000374ee30]
Event: 8.099 Thread 0x000000001555a800 1929       1       com.android.dx.cf.attrib.AttEnclosingMethod::getEnclosingClass (5 bytes)
Event: 8.099 Thread 0x000000001555a800 nmethod 1929 0x000000000376c2d0 code [0x000000000376c420, 0x000000000376c530]
Event: 8.099 Thread 0x000000001555a800 1930       1       com.android.dx.cf.attrib.AttEnclosingMethod::getMethod (5 bytes)
Event: 8.100 Thread 0x000000001555a800 nmethod 1930 0x000000000376c010 code [0x000000000376c160, 0x000000000376c270]

GC Heap History (10 events):
Event: 2.229 GC heap before
{Heap before GC invocations=2 (full 0):
 PSYoungGen      total 18944K, used 18915K [0x00000000eab00000, 0x00000000ec000000, 0x0000000100000000)
  eden space 16384K, 100% used [0x00000000eab00000,0x00000000ebb00000,0x00000000ebb00000)
  from space 2560K, 98% used [0x00000000ebb00000,0x00000000ebd78c08,0x00000000ebd80000)
  to   space 2560K, 0% used [0x00000000ebd80000,0x00000000ebd80000,0x00000000ec000000)
 ParOldGen       total 44032K, used 2250K [0x00000000c0000000, 0x00000000c2b00000, 0x00000000eab00000)
  object space 44032K, 5% used [0x00000000c0000000,0x00000000c0232b48,0x00000000c2b00000)
 Metaspace       used 5757K, capacity 6960K, committed 7040K, reserved 1056768K
  class space    used 558K, capacity 616K, committed 640K, reserved 1048576K
Event: 2.239 GC heap after
Heap after GC invocations=2 (full 0):
 PSYoungGen      total 18944K, used 2551K [0x00000000eab00000, 0x00000000ed000000, 0x0000000100000000)
  eden space 16384K, 0% used [0x00000000eab00000,0x00000000eab00000,0x00000000ebb00000)
  from space 2560K, 99% used [0x00000000ebd80000,0x00000000ebffdd98,0x00000000ec000000)
  to   space 2560K, 0% used [0x00000000ebb00000,0x00000000ebb00000,0x00000000ebd80000)
 ParOldGen       total 44032K, used 4141K [0x00000000c0000000, 0x00000000c2b00000, 0x00000000eab00000)
  object space 44032K, 9% used [0x00000000c0000000,0x00000000c040b670,0x00000000c2b00000)
 Metaspace       used 5757K, capacity 6960K, committed 7040K, reserved 1056768K
  class space    used 558K, capacity 616K, committed 640K, reserved 1048576K
}
Event: 3.543 GC heap before
{Heap before GC invocations=3 (full 0):
 PSYoungGen      total 18944K, used 18935K [0x00000000eab00000, 0x00000000ed000000, 0x0000000100000000)
  eden space 16384K, 100% used [0x00000000eab00000,0x00000000ebb00000,0x00000000ebb00000)
  from space 2560K, 99% used [0x00000000ebd80000,0x00000000ebffdd98,0x00000000ec000000)
  to   space 2560K, 0% used [0x00000000ebb00000,0x00000000ebb00000,0x00000000ebd80000)
 ParOldGen       total 44032K, used 4141K [0x00000000c0000000, 0x00000000c2b00000, 0x00000000eab00000)
  object space 44032K, 9% used [0x00000000c0000000,0x00000000c040b670,0x00000000c2b00000)
 Metaspace       used 5875K, capacity 7024K, committed 7296K, reserved 1056768K
  class space    used 559K, capacity 616K, committed 640K, reserved 1048576K
Event: 3.556 GC heap after
Heap after GC invocations=3 (full 0):
 PSYoungGen      total 18944K, used 2545K [0x00000000eab00000, 0x00000000ed000000, 0x0000000100000000)
  eden space 16384K, 0% used [0x00000000eab00000,0x00000000eab00000,0x00000000ebb00000)
  from space 2560K, 99% used [0x00000000ebb00000,0x00000000ebd7c678,0x00000000ebd80000)
  to   space 2560K, 0% used [0x00000000ecd80000,0x00000000ecd80000,0x00000000ed000000)
 ParOldGen       total 44032K, used 7929K [0x00000000c0000000, 0x00000000c2b00000, 0x00000000eab00000)
  object space 44032K, 18% used [0x00000000c0000000,0x00000000c07be480,0x00000000c2b00000)
 Metaspace       used 5875K, capacity 7024K, committed 7296K, reserved 1056768K
  class space    used 559K, capacity 616K, committed 640K, reserved 1048576K
}
Event: 4.816 GC heap before
{Heap before GC invocations=4 (full 0):
 PSYoungGen      total 18944K, used 18929K [0x00000000eab00000, 0x00000000ed000000, 0x0000000100000000)
  eden space 16384K, 100% used [0x00000000eab00000,0x00000000ebb00000,0x00000000ebb00000)
  from space 2560K, 99% used [0x00000000ebb00000,0x00000000ebd7c678,0x00000000ebd80000)
  to   space 2560K, 0% used [0x00000000ecd80000,0x00000000ecd80000,0x00000000ed000000)
 ParOldGen       total 44032K, used 7929K [0x00000000c0000000, 0x00000000c2b00000, 0x00000000eab00000)
  object space 44032K, 18% used [0x00000000c0000000,0x00000000c07be480,0x00000000c2b00000)
 Metaspace       used 5966K, capacity 7088K, committed 7296K, reserved 1056768K
  class space    used 559K, capacity 616K, committed 640K, reserved 1048576K
Event: 4.831 GC heap after
Heap after GC invocations=4 (full 0):
 PSYoungGen      total 35328K, used 2556K [0x00000000eab00000, 0x00000000ed000000, 0x0000000100000000)
  eden space 32768K, 0% used [0x00000000eab00000,0x00000000eab00000,0x00000000ecb00000)
  from space 2560K, 99% used [0x00000000ecd80000,0x00000000ecfff1d0,0x00000000ed000000)
  to   space 2560K, 0% used [0x00000000ecb00000,0x00000000ecb00000,0x00000000ecd80000)
 ParOldGen       total 44032K, used 13134K [0x00000000c0000000, 0x00000000c2b00000, 0x00000000eab00000)
  object space 44032K, 29% used [0x00000000c0000000,0x00000000c0cd3bf0,0x00000000c2b00000)
 Metaspace       used 5966K, capacity 7088K, committed 7296K, reserved 1056768K
  class space    used 559K, capacity 616K, committed 640K, reserved 1048576K
}
Event: 6.233 GC heap before
{Heap before GC invocations=5 (full 0):
 PSYoungGen      total 35328K, used 35324K [0x00000000eab00000, 0x00000000ed000000, 0x0000000100000000)
  eden space 32768K, 100% used [0x00000000eab00000,0x00000000ecb00000,0x00000000ecb00000)
  from space 2560K, 99% used [0x00000000ecd80000,0x00000000ecfff1d0,0x00000000ed000000)
  to   space 2560K, 0% used [0x00000000ecb00000,0x00000000ecb00000,0x00000000ecd80000)
 ParOldGen       total 44032K, used 13134K [0x00000000c0000000, 0x00000000c2b00000, 0x00000000eab00000)
  object space 44032K, 29% used [0x00000000c0000000,0x00000000c0cd3bf0,0x00000000c2b00000)
 Metaspace       used 6078K, capacity 7152K, committed 7296K, reserved 1056768K
  class space    used 563K, capacity 616K, committed 640K, reserved 1048576K
Event: 6.269 GC heap after
Heap after GC invocations=5 (full 0):
 PSYoungGen      total 35328K, used 2544K [0x00000000eab00000, 0x00000000efe00000, 0x0000000100000000)
  eden space 32768K, 0% used [0x00000000eab00000,0x00000000eab00000,0x00000000ecb00000)
  from space 2560K, 99% used [0x00000000ecb00000,0x00000000ecd7c088,0x00000000ecd80000)
  to   space 9728K, 0% used [0x00000000ef480000,0x00000000ef480000,0x00000000efe00000)
 ParOldGen       total 44032K, used 19193K [0x00000000c0000000, 0x00000000c2b00000, 0x00000000eab00000)
  object space 44032K, 43% used [0x00000000c0000000,0x00000000c12be4d8,0x00000000c2b00000)
 Metaspace       used 6078K, capacity 7152K, committed 7296K, reserved 1056768K
  class space    used 563K, capacity 616K, committed 640K, reserved 1048576K
}
Event: 7.790 GC heap before
{Heap before GC invocations=6 (full 0):
 PSYoungGen      total 35328K, used 35312K [0x00000000eab00000, 0x00000000efe00000, 0x0000000100000000)
  eden space 32768K, 100% used [0x00000000eab00000,0x00000000ecb00000,0x00000000ecb00000)
  from space 2560K, 99% used [0x00000000ecb00000,0x00000000ecd7c088,0x00000000ecd80000)
  to   space 9728K, 0% used [0x00000000ef480000,0x00000000ef480000,0x00000000efe00000)
 ParOldGen       total 44032K, used 19193K [0x00000000c0000000, 0x00000000c2b00000, 0x00000000eab00000)
  object space 44032K, 43% used [0x00000000c0000000,0x00000000c12be4d8,0x00000000c2b00000)
 Metaspace       used 6116K, capacity 7216K, committed 7296K, reserved 1056768K
  class space    used 563K, capacity 616K, committed 640K, reserved 1048576K
Event: 7.812 GC heap after
Heap after GC invocations=6 (full 0):
 PSYoungGen      total 74240K, used 9059K [0x00000000eab00000, 0x00000000f0000000, 0x0000000100000000)
  eden space 64512K, 0% used [0x00000000eab00000,0x00000000eab00000,0x00000000eea00000)
  from space 9728K, 93% used [0x00000000ef480000,0x00000000efd58db8,0x00000000efe00000)
  to   space 10752K, 0% used [0x00000000eea00000,0x00000000eea00000,0x00000000ef480000)
 ParOldGen       total 44032K, used 19193K [0x00000000c0000000, 0x00000000c2b00000, 0x00000000eab00000)
  object space 44032K, 43% used [0x00000000c0000000,0x00000000c12be4d8,0x00000000c2b00000)
 Metaspace       used 6116K, capacity 7216K, committed 7296K, reserved 1056768K
  class space    used 563K, capacity 616K, committed 640K, reserved 1048576K
}

Deoptimization events (10 events):
Event: 5.844 Thread 0x0000000016ff3000 Uncommon trap: reason=class_check action=maybe_recompile pc=0x000000000360f294 method=com.android.dx.rop.cst.CstLiteral32.equals(Ljava/lang/Object;)Z @ 20
Event: 5.844 Thread 0x0000000016ff3000 Uncommon trap: reason=class_check action=maybe_recompile pc=0x000000000360f294 method=com.android.dx.rop.cst.CstLiteral32.equals(Ljava/lang/Object;)Z @ 20
Event: 5.847 Thread 0x0000000016ff3000 Uncommon trap: reason=unstable_if action=reinterpret pc=0x0000000003522f90 method=com.android.dx.rop.code.RegisterSpecSet.put(Lcom/android/dx/rop/code/RegisterSpec;)V @ 77
Event: 6.692 Thread 0x0000000017064800 Uncommon trap: reason=bimorphic action=maybe_recompile pc=0x00000000036e6804 method=com.android.dx.cf.code.BytecodeArray.parseInstruction(ILcom/android/dx/cf/code/BytecodeArray$Visitor;)I @ 2554
Event: 6.692 Thread 0x0000000017064800 Uncommon trap: reason=bimorphic action=maybe_recompile pc=0x00000000036e6804 method=com.android.dx.cf.code.BytecodeArray.parseInstruction(ILcom/android/dx/cf/code/BytecodeArray$Visitor;)I @ 2554
Event: 7.671 Thread 0x0000000017093800 Uncommon trap: reason=bimorphic action=maybe_recompile pc=0x00000000036e6804 method=com.android.dx.cf.code.BytecodeArray.parseInstruction(ILcom/android/dx/cf/code/BytecodeArray$Visitor;)I @ 2554
Event: 7.672 Thread 0x0000000017093800 Uncommon trap: reason=bimorphic action=maybe_recompile pc=0x00000000036e6804 method=com.android.dx.cf.code.BytecodeArray.parseInstruction(ILcom/android/dx/cf/code/BytecodeArray$Visitor;)I @ 2554
Event: 7.909 Thread 0x0000000017093000 Uncommon trap: reason=null_check action=make_not_entrant pc=0x00000000032f1aa0 method=com.android.dx.ssa.SsaRenamer.getLocalForNewReg(I)Lcom/android/dx/rop/code/LocalItem; @ 19
Event: 7.931 Thread 0x0000000017093800 Uncommon trap: reason=bimorphic action=maybe_recompile pc=0x0000000003771d7c method=com.android.dx.cf.code.RopperMachine.run(Lcom/android/dx/cf/code/Frame;II)V @ 988
Event: 8.015 Thread 0x0000000017064800 Uncommon trap: reason=bimorphic action=maybe_recompile pc=0x0000000003771d7c method=com.android.dx.cf.code.RopperMachine.run(Lcom/android/dx/cf/code/Frame;II)V @ 988

Internal exceptions (4 events):
Event: 0.040 Thread 0x0000000002d70800 Exception <a 'java/lang/NoSuchMethodError': Method sun.misc.Unsafe.defineClass(Ljava/lang/String;[BII)Ljava/lang/Class; name or signature does not match> (0x00000000eab07cc0) thrown at [C:\src\android\AOSP-openjdk\external\jetbrains\jdk\hotspot\src\share\v)äþ÷Á½¤?
Event: 0.041 Thread 0x0000000002d70800 Exception <a 'java/lang/NoSuchMethodError': Method sun.misc.Unsafe.prefetchRead(Ljava/lang/Object;J)V name or signature does not match> (0x00000000eab07fa8) thrown at [C:\src\android\AOSP-openjdk\external\jetbrains\jdk\hotspot\src\share\vm\prims\jni.cpp, lý+£Ä'
Event: 2.019 Thread 0x0000000017064800 Implicit null exception at 0x00000000031ad062 to 0x00000000031ad152
Event: 7.909 Thread 0x0000000017093000 Implicit null exception at 0x00000000032f05f5 to 0x00000000032f1a71

Events (10 events):
Event: 8.015 Thread 0x0000000017064800 DEOPT PACKING pc=0x0000000003771d7c sp=0x00000000177be2e0
Event: 8.015 Thread 0x0000000017064800 DEOPT UNPACKING pc=0x0000000002eb556a sp=0x00000000177be288 mode 2
Event: 8.026 Thread 0x0000000017064800 DEOPT PACKING pc=0x000000000336d03d sp=0x00000000177be890
Event: 8.026 Thread 0x0000000017064800 DEOPT UNPACKING pc=0x0000000002eb75bf sp=0x00000000177be5c8 mode 0
Event: 8.033 Thread 0x0000000017064800 DEOPT PACKING pc=0x0000000003369357 sp=0x00000000177be900
Event: 8.033 Thread 0x0000000017064800 DEOPT UNPACKING pc=0x0000000002eb75bf sp=0x00000000177be6e8 mode 0
Event: 8.052 Thread 0x0000000002d70800 DEOPT PACKING pc=0x000000000341e264 sp=0x0000000002d5e460
Event: 8.052 Thread 0x0000000002d70800 DEOPT UNPACKING pc=0x0000000002eb75bf sp=0x0000000002d5e220 mode 0
Event: 8.052 Thread 0x0000000002d70800 DEOPT PACKING pc=0x0000000003422d4b sp=0x0000000002d5e560
Event: 8.052 Thread 0x0000000002d70800 DEOPT UNPACKING pc=0x0000000002eb75bf sp=0x0000000002d5e370 mode 0


Dynamic libraries:
0x00007ff6d0f20000 - 0x00007ff6d0f51000 	C:\Program Files\Android\Android Studio\jre\bin\java.exe
0x00007fff420b0000 - 0x00007fff42281000 	C:\WINDOWS\SYSTEM32\ntdll.dll
0x00007fff400e0000 - 0x00007fff4018b000 	C:\WINDOWS\System32\KERNEL32.DLL
0x00007fff3e5a0000 - 0x00007fff3e7bd000 	C:\WINDOWS\System32\KERNELBASE.dll
0x00007fff3f8a0000 - 0x00007fff3f942000 	C:\WINDOWS\System32\ADVAPI32.dll
0x00007fff3fe10000 - 0x00007fff3feae000 	C:\WINDOWS\System32\msvcrt.dll
0x00007fff42050000 - 0x00007fff420a9000 	C:\WINDOWS\System32\sechost.dll
0x00007fff3f9b0000 - 0x00007fff3fad1000 	C:\WINDOWS\System32\RPCRT4.dll
0x00007fff41ee0000 - 0x00007fff42045000 	C:\WINDOWS\System32\USER32.dll
0x00007fff3e860000 - 0x00007fff3e87e000 	C:\WINDOWS\System32\win32u.dll
0x00007fff41e70000 - 0x00007fff41ea4000 	C:\WINDOWS\System32\GDI32.dll
0x00007fff3f110000 - 0x00007fff3f292000 	C:\WINDOWS\System32\gdi32full.dll
0x00007fff38330000 - 0x00007fff385a9000 	C:\WINDOWS\WinSxS\amd64_microsoft.windows.common-controls_6595b64144ccf1df_6.0.14393.447_none_42191651c6827bb3\COMCTL32.dll
0x00007fff41ba0000 - 0x00007fff41e67000 	C:\WINDOWS\System32\combase.dll
0x00007fff3ef60000 - 0x00007fff3f055000 	C:\WINDOWS\System32\ucrtbase.dll
0x00007fff3f5d0000 - 0x00007fff3f63a000 	C:\WINDOWS\System32\bcryptPrimitives.dll
0x00007fff41eb0000 - 0x00007fff41ede000 	C:\WINDOWS\System32\IMM32.DLL
0x0000000074a40000 - 0x0000000074b12000 	C:\Program Files\Android\Android Studio\jre\jre\bin\msvcr100.dll
0x0000000074b20000 - 0x0000000075354000 	C:\Program Files\Android\Android Studio\jre\jre\bin\server\jvm.dll
0x00007fff40620000 - 0x00007fff40628000 	C:\WINDOWS\System32\PSAPI.DLL
0x00007fff3c9a0000 - 0x00007fff3c9c3000 	C:\WINDOWS\SYSTEM32\WINMM.dll
0x00007fff385e0000 - 0x00007fff385ea000 	C:\WINDOWS\SYSTEM32\VERSION.dll
0x00007fff30ed0000 - 0x00007fff30ed9000 	C:\WINDOWS\SYSTEM32\WSOCK32.dll
0x00007fff3fb50000 - 0x00007fff3fbba000 	C:\WINDOWS\System32\WS2_32.dll
0x00000000014e0000 - 0x000000000150b000 	C:\WINDOWS\SYSTEM32\WINMMBASE.dll
0x00007fff3f2a0000 - 0x00007fff3f2e2000 	C:\WINDOWS\System32\cfgmgr32.dll
0x00007fff3c930000 - 0x00007fff3c93f000 	C:\Program Files\Android\Android Studio\jre\jre\bin\verify.dll
0x00007fff33060000 - 0x00007fff33089000 	C:\Program Files\Android\Android Studio\jre\jre\bin\java.dll
0x00007fff3ba00000 - 0x00007fff3ba16000 	C:\Program Files\Android\Android Studio\jre\jre\bin\zip.dll
0x00007fff40630000 - 0x00007fff41b39000 	C:\WINDOWS\System32\SHELL32.dll
0x00007fff3e880000 - 0x00007fff3ef5a000 	C:\WINDOWS\System32\windows.storage.dll
0x00007fff3e550000 - 0x00007fff3e59c000 	C:\WINDOWS\System32\powrprof.dll
0x00007fff405c0000 - 0x00007fff40612000 	C:\WINDOWS\System32\shlwapi.dll
0x00007fff3e510000 - 0x00007fff3e51f000 	C:\WINDOWS\System32\kernel.appcore.dll
0x00007fff3f060000 - 0x00007fff3f109000 	C:\WINDOWS\System32\shcore.dll
0x00007fff3e530000 - 0x00007fff3e544000 	C:\WINDOWS\System32\profapi.dll

VM Arguments:
jvm_args: -Djava.awt.headless=true -Xmx1024M -Dfile.encoding=windows-1252 -Duser.country=IN -Duser.language=en -Duser.variant 
java_command: com.android.dx.command.Main --dex --force-jumbo --num-threads=4 --output E:\City Guide v1.1\Android Studio\CityGuide\app\build\intermediates\pre-dexed\debug\debug_c1ceac300f3be7f23c162f8ea7575c13f414b5c6.jar E:\City Guide v1.1\Android Studio\CityGuide\app\build\intermediates\classes\debug
java_class_path (initial): C:\Users\Naseem\AppData\Local\Android\sdk\build-tools\25.0.2\lib\dx.jar
Launcher Type: SUN_STANDARD

Environment Variables:
JAVA_HOME=C:\Program Files\Java\jdk1.8.0_101
PATH=C:\Users\Naseem\AppData\Local\Android\sdk;C:\Newgradle\gradle-3.1\bin;C:\Program Files\Git\cmd;C:\Program Files\Git\mingw64\bin;C:\Program Files\Git\usr\bin;C:\Program Files (x86)\Skype\Phone\;C:\Program Files\OpenSSL\bin\;C:\Program Files\Java\jdk1.8.0_101\bin
USERNAME=Naseem
OS=Windows_NT
PROCESSOR_IDENTIFIER=Intel64 Family 6 Model 58 Stepping 9, GenuineIntel



---------------  S Y S T E M  ---------------

OS: Windows 10.0 , 64 bit Build 14393 (10.0.14393.0)

CPU:total 4 (2 cores per cpu, 2 threads per core) family 6 model 58 stepping 9, cmov, cx8, fxsr, mmx, sse, sse2, sse3, ssse3, sse4.1, sse4.2, popcnt, avx, clmul, erms, ht, tsc, tscinvbit, tscinv

Memory: 4k page, physical 4090216k(508380k free), swap 7235944k(8016k free)

vm_info: OpenJDK 64-Bit Server VM (25.76-b03) for windows-amd64 JRE (1.8.0_76-release-b03), built on Jun 29 2016 19:09:20 by "ralucas" with MS VC++ 10.0 (VS2010)

time: Sat Oct 14 15:47:42 2017
elapsed time: 8 seconds (0d 0h 0m 8s)

