#
# There is insufficient memory for the Java Runtime Environment to continue.
# Native memory allocation (malloc) failed to allocate 1048576 bytes for AllocateHeap
# Possible reasons:
#   The system is out of physical RAM or swap space
#   In 32 bit mode, the process size limit was hit
# Possible solutions:
#   Reduce memory load on the system
#   Increase physical memory or swap space
#   Check if swap backing store is full
#   Use 64 bit Java on a 64 bit OS
#   Decrease Java heap size (-Xmx/-Xms)
#   Decrease number of Java threads
#   Decrease Java thread stack sizes (-Xss)
#   Set larger code cache with -XX:ReservedCodeCacheSize=
# This output file may be truncated or incomplete.
#
#  Out of Memory Error (memory/allocation.inline.hpp:61), pid=5340, tid=0x0000000000002264
#
# JRE version:  (8.0_76-b03) (build )
# Java VM: OpenJDK 64-Bit Server VM (25.76-b03 mixed mode windows-amd64 compressed oops)
# Failed to write core dump. Minidumps are not enabled by default on client versions of Windows
#

---------------  T H R E A D  ---------------

Current thread (0x0000000002d90800):  JavaThread "Unknown thread" [_thread_in_vm, id=8804, stack(0x0000000002c90000,0x0000000002d90000)]

Stack: [0x0000000002c90000,0x0000000002d90000]
[error occurred during error reporting (printing stack bounds), id 0xc0000005]

Native frames: (J=compiled Java code, j=interpreted, Vv=VM code, C=native code)


---------------  P R O C E S S  ---------------

Java Threads: ( => current thread )

Other Threads:

=>0x0000000002d90800 (exited) JavaThread "Unknown thread" [_thread_in_vm, id=8804, stack(0x0000000002c90000,0x0000000002d90000)]

VM state:not at safepoint (normal execution)

VM Mutex/Monitor currently owned by a thread: None

Heap:
 PSYoungGen      total 18944K, used 327K [0x00000000eab00000, 0x00000000ec000000, 0x0000000100000000)
  eden space 16384K, 2% used [0x00000000eab00000,0x00000000eab51ec8,0x00000000ebb00000)
  from space 2560K, 0% used [0x00000000ebd80000,0x00000000ebd80000,0x00000000ec000000)
  to   space 2560K, 0% used [0x00000000ebb00000,0x00000000ebb00000,0x00000000ebd80000)
 ParOldGen       total 44032K, used 0K [0x00000000c0000000, 0x00000000c2b00000, 0x00000000eab00000)
  object space 44032K, 0% used [0x00000000c0000000,0x00000000c0000000,0x00000000c2b00000)
 Metaspace       used 771K, capacity 4480K, committed 4480K, reserved 1056768K
  class space    used 73K, capacity 384K, committed 384K, reserved 1048576K

Card table byte_map: [0x0000000012250000,0x0000000012460000] byte_map_base: 0x0000000011c50000

Marking Bits: (ParMarkBitMap*) 0x00000000752d9d00
 Begin Bits: [0x00000000129c0000, 0x00000000139c0000)
 End Bits:   [0x00000000139c0000, 0x00000000149c0000)

Polling page: 0x0000000002b90000

CodeCache: size=245760Kb used=328Kb max_used=328Kb free=245431Kb
 bounds [0x0000000002e90000, 0x0000000003100000, 0x0000000011e90000]
 total_blobs=57 nmethods=0 adapters=38
 compilation: enabled

Compilation events (0 events):
No events

GC Heap History (0 events):
No events

Deoptimization events (0 events):
No events

Internal exceptions (0 events):
No events

Events (10 events):
Event: 0.981 loading class java/lang/Short
Event: 0.982 loading class java/lang/Short done
Event: 0.982 loading class java/lang/Integer
Event: 0.982 loading class java/lang/Integer done
Event: 0.982 loading class java/lang/Long
Event: 1.567 loading class java/lang/Long done
Event: 1.568 loading class java/lang/NullPointerException
Event: 1.568 loading class java/lang/NullPointerException done
Event: 1.568 loading class java/lang/ArithmeticException
Event: 1.568 loading class java/lang/ArithmeticException done


Dynamic libraries:
0x00007ff62a7e0000 - 0x00007ff62a811000 	C:\Program Files\Android\Android Studio\jre\bin\java.exe
0x00007fff420b0000 - 0x00007fff42281000 	C:\WINDOWS\SYSTEM32\ntdll.dll
0x00007fff400e0000 - 0x00007fff4018b000 	C:\WINDOWS\System32\KERNEL32.DLL
0x00007fff3e5a0000 - 0x00007fff3e7bd000 	C:\WINDOWS\System32\KERNELBASE.dll
0x00007fff3f8a0000 - 0x00007fff3f942000 	C:\WINDOWS\System32\ADVAPI32.dll
0x00007fff3fe10000 - 0x00007fff3feae000 	C:\WINDOWS\System32\msvcrt.dll
0x00007fff42050000 - 0x00007fff420a9000 	C:\WINDOWS\System32\sechost.dll
0x00007fff3f9b0000 - 0x00007fff3fad1000 	C:\WINDOWS\System32\RPCRT4.dll
0x00007fff41ee0000 - 0x00007fff42045000 	C:\WINDOWS\System32\USER32.dll
0x00007fff3e860000 - 0x00007fff3e87e000 	C:\WINDOWS\System32\win32u.dll
0x00007fff41e70000 - 0x00007fff41ea4000 	C:\WINDOWS\System32\GDI32.dll
0x00007fff3f110000 - 0x00007fff3f292000 	C:\WINDOWS\System32\gdi32full.dll
0x00007fff38330000 - 0x00007fff385a9000 	C:\WINDOWS\WinSxS\amd64_microsoft.windows.common-controls_6595b64144ccf1df_6.0.14393.447_none_42191651c6827bb3\COMCTL32.dll
0x00007fff41ba0000 - 0x00007fff41e67000 	C:\WINDOWS\System32\combase.dll
0x00007fff3ef60000 - 0x00007fff3f055000 	C:\WINDOWS\System32\ucrtbase.dll
0x00007fff3f5d0000 - 0x00007fff3f63a000 	C:\WINDOWS\System32\bcryptPrimitives.dll
0x00007fff41eb0000 - 0x00007fff41ede000 	C:\WINDOWS\System32\IMM32.DLL
0x0000000074a40000 - 0x0000000074b12000 	C:\Program Files\Android\Android Studio\jre\jre\bin\msvcr100.dll
0x0000000074b20000 - 0x0000000075354000 	C:\Program Files\Android\Android Studio\jre\jre\bin\server\jvm.dll
0x00007fff40620000 - 0x00007fff40628000 	C:\WINDOWS\System32\PSAPI.DLL
0x00007fff30ed0000 - 0x00007fff30ed9000 	C:\WINDOWS\SYSTEM32\WSOCK32.dll
0x00007fff3fb50000 - 0x00007fff3fbba000 	C:\WINDOWS\System32\WS2_32.dll
0x00007fff3c9a0000 - 0x00007fff3c9c3000 	C:\WINDOWS\SYSTEM32\WINMM.dll
0x00007fff385e0000 - 0x00007fff385ea000 	C:\WINDOWS\SYSTEM32\VERSION.dll
0x00007fff3c970000 - 0x00007fff3c99b000 	C:\WINDOWS\SYSTEM32\WINMMBASE.dll
0x00007fff3f2a0000 - 0x00007fff3f2e2000 	C:\WINDOWS\System32\cfgmgr32.dll
0x00007fff3c930000 - 0x00007fff3c93f000 	C:\Program Files\Android\Android Studio\jre\jre\bin\verify.dll
0x00007fff33060000 - 0x00007fff33089000 	C:\Program Files\Android\Android Studio\jre\jre\bin\java.dll
0x00007fff33040000 - 0x00007fff33056000 	C:\Program Files\Android\Android Studio\jre\jre\bin\zip.dll

VM Arguments:
jvm_args: -Djava.awt.headless=true -Xmx1024M -Dfile.encoding=windows-1252 -Duser.country=IN -Duser.language=en -Duser.variant 
java_command: com.android.dx.command.Main --dex --force-jumbo --num-threads=4 --output E:\City Guide v1.1\Android Studio\CityGuide\app\build\intermediates\pre-dexed\debug\classes_ae77a7849b8e1deba007202715cdbd54a7ec9ccc.jar C:\Users\Naseem\.android\build-cache\d41a6e79154db0edf1fea2de316fd9528d0fdb0d\output\jars\classes.jar
java_class_path (initial): C:\Users\Naseem\AppData\Local\Android\sdk\build-tools\25.0.2\lib\dx.jar
Launcher Type: SUN_STANDARD

Environment Variables:
JAVA_HOME=C:\Program Files\Java\jdk1.8.0_101
PATH=C:\Users\Naseem\AppData\Local\Android\sdk;C:\Newgradle\gradle-3.1\bin;C:\Program Files\Git\cmd;C:\Program Files\Git\mingw64\bin;C:\Program Files\Git\usr\bin;C:\Program Files (x86)\Skype\Phone\;C:\Program Files\OpenSSL\bin\;C:\Program Files\Java\jdk1.8.0_101\bin
USERNAME=Naseem
OS=Windows_NT
PROCESSOR_IDENTIFIER=Intel64 Family 6 Model 58 Stepping 9, GenuineIntel



---------------  S Y S T E M  ---------------

OS: Windows 10.0 , 64 bit Build 14393 (10.0.14393.0)

CPU:total 4 (2 cores per cpu, 2 threads per core) family 6 model 58 stepping 9, cmov, cx8, fxsr, mmx, sse, sse2, sse3, ssse3, sse4.1, sse4.2, popcnt, avx, clmul, erms, ht, tsc, tscinvbit, tscinv

Memory: 4k page, physical 4090216k(440112k free), swap 7235944k(10952k free)

vm_info: OpenJDK 64-Bit Server VM (25.76-b03) for windows-amd64 JRE (1.8.0_76-release-b03), built on Jun 29 2016 19:09:20 by "ralucas" with MS VC++ 10.0 (VS2010)

time: Fri Oct 13 12:10:40 2017
elapsed time: 1 seconds (0d 0h 0m 1s)

