#
# There is insufficient memory for the Java Runtime Environment to continue.
# Native memory allocation (malloc) failed to allocate 443936 bytes for Chunk::new
# Possible reasons:
#   The system is out of physical RAM or swap space
#   In 32 bit mode, the process size limit was hit
# Possible solutions:
#   Reduce memory load on the system
#   Increase physical memory or swap space
#   Check if swap backing store is full
#   Use 64 bit Java on a 64 bit OS
#   Decrease Java heap size (-Xmx/-Xms)
#   Decrease number of Java threads
#   Decrease Java thread stack sizes (-Xss)
#   Set larger code cache with -XX:ReservedCodeCacheSize=
# This output file may be truncated or incomplete.
#
#  Out of Memory Error (allocation.cpp:390), pid=11068, tid=0x0000000000002468
#
# JRE version: OpenJDK Runtime Environment (8.0_76-b03) (build 1.8.0_76-release-b03)
# Java VM: OpenJDK 64-Bit Server VM (25.76-b03 mixed mode windows-amd64 compressed oops)
# Failed to write core dump. Minidumps are not enabled by default on client versions of Windows
#

---------------  T H R E A D  ---------------

Current thread (0x000000001bf96800):  JavaThread "C2 CompilerThread0" daemon [_thread_in_native, id=9320, stack(0x000000001d5d0000,0x000000001d6d0000)]

Stack: [0x000000001d5d0000,0x000000001d6d0000]
[error occurred during error reporting (printing stack bounds), id 0xc0000005]

Native frames: (J=compiled Java code, j=interpreted, Vv=VM code, C=native code)


Current CompileTask:
C2:  38510 2936       4       com.android.dx.ssa.SsaConverter::placePhiFunctions (394 bytes)


---------------  P R O C E S S  ---------------

Java Threads: ( => current thread )
  0x000000001df83800 JavaThread "pool-2-thread-4" [_thread_blocked, id=1916, stack(0x000000001ead0000,0x000000001ebd0000)]
  0x000000001df82800 JavaThread "pool-2-thread-3" [_thread_blocked, id=8800, stack(0x000000001e9d0000,0x000000001ead0000)]
  0x000000001df82000 JavaThread "pool-2-thread-2" [_thread_in_Java, id=9924, stack(0x000000001e8d0000,0x000000001e9d0000)]
  0x000000001dcce800 JavaThread "pool-3-thread-1" [_thread_blocked, id=10520, stack(0x000000001e7d0000,0x000000001e8d0000)]
  0x000000001dc3c800 JavaThread "pool-2-thread-1" [_thread_in_Java, id=9648, stack(0x000000001e6d0000,0x000000001e7d0000)]
  0x000000001bf91800 JavaThread "Service Thread" daemon [_thread_blocked, id=4276, stack(0x000000001dcd0000,0x000000001ddd0000)]
  0x000000001bf8c000 JavaThread "C1 CompilerThread2" daemon [_thread_blocked, id=1940, stack(0x000000001d7d0000,0x000000001d8d0000)]
  0x000000001bf89000 JavaThread "C2 CompilerThread1" daemon [_thread_in_native, id=1768, stack(0x000000001d6d0000,0x000000001d7d0000)]
=>0x000000001bf96800 JavaThread "C2 CompilerThread0" daemon [_thread_in_native, id=9320, stack(0x000000001d5d0000,0x000000001d6d0000)]
  0x000000001bf95000 JavaThread "Attach Listener" daemon [_thread_blocked, id=4704, stack(0x000000001d4d0000,0x000000001d5d0000)]
  0x000000001bf94000 JavaThread "Signal Dispatcher" daemon [_thread_blocked, id=11752, stack(0x000000001d3d0000,0x000000001d4d0000)]
  0x00000000027db000 JavaThread "Finalizer" daemon [_thread_blocked, id=200, stack(0x000000001d1e0000,0x000000001d2e0000)]
  0x00000000027cf000 JavaThread "Reference Handler" daemon [_thread_blocked, id=7772, stack(0x000000001d0e0000,0x000000001d1e0000)]
  0x00000000026e0800 JavaThread "main" [_thread_in_Java, id=8204, stack(0x00000000025b0000,0x00000000026b0000)]

Other Threads:
  0x000000001bf55800 VMThread [stack: 0x000000001cfe0000,0x000000001d0e0000] [id=11416]
  0x000000001d8f0800 WatcherThread [stack: 0x000000001ddd0000,0x000000001ded0000] [id=10756]

VM state:not at safepoint (normal execution)

VM Mutex/Monitor currently owned by a thread: None

Heap:
 PSYoungGen      total 435200K, used 139154K [0x000000076ab00000, 0x000000078f080000, 0x00000007c0000000)
  eden space 331264K, 42% used [0x000000076ab00000,0x00000007732e4a88,0x000000077ee80000)
  from space 103936K, 0% used [0x0000000786400000,0x0000000786400000,0x000000078c980000)
  to   space 120320K, 0% used [0x000000077ee80000,0x000000077ee80000,0x0000000786400000)
 ParOldGen       total 506880K, used 506837K [0x00000006c0000000, 0x00000006def00000, 0x000000076ab00000)
  object space 506880K, 99% used [0x00000006c0000000,0x00000006deef56c8,0x00000006def00000)
 Metaspace       used 6432K, capacity 7280K, committed 7552K, reserved 1056768K
  class space    used 587K, capacity 616K, committed 640K, reserved 1048576K

Card table byte_map: [0x0000000011c80000,0x0000000012490000] byte_map_base: 0x000000000e680000

Marking Bits: (ParMarkBitMap*) 0x00000000752d9d00
 Begin Bits: [0x0000000012df0000, 0x0000000016df0000)
 End Bits:   [0x0000000016df0000, 0x000000001adf0000)

Polling page: 0x0000000000a20000

CodeCache: size=245760Kb used=11562Kb max_used=11567Kb free=234197Kb
 bounds [0x00000000028c0000, 0x0000000003420000, 0x00000000118c0000]
 total_blobs=2730 nmethods=2467 adapters=176
 compilation: enabled

Compilation events (10 events):
Event: 38.287 Thread 0x000000001bf96800 nmethod 2934% 0x0000000003413750 code [0x0000000003413a40, 0x00000000034170a8]
Event: 38.287 Thread 0x000000001bf96800 2927       4       com.android.dx.ssa.back.RegisterAllocator::getDefinitionSpecForSsaReg (22 bytes)
Event: 38.291 Thread 0x000000001bf96800 nmethod 2927 0x000000000329a0d0 code [0x000000000329a240, 0x000000000329a4c8]
Event: 38.291 Thread 0x000000001bf96800 2922       4       com.android.dx.util.ByteArray$MyInputStream::available (13 bytes)
Event: 38.293 Thread 0x000000001bf96800 nmethod 2922 0x0000000002d5ca50 code [0x0000000002d5cb80, 0x0000000002d5cbf8]
Event: 38.360 Thread 0x000000001bf96800 2936       4       com.android.dx.ssa.SsaConverter::placePhiFunctions (394 bytes)
Event: 38.419 Thread 0x000000001bf8c000 2937 %     3       com.android.dx.ssa.back.FirstFitLocalCombiningAllocator::rangeContainsReserved @ 2 (30 bytes)
Event: 38.420 Thread 0x000000001bf8c000 nmethod 2937% 0x0000000003403350 code [0x00000000034034c0, 0x00000000034037e8]
Event: 38.420 Thread 0x000000001bf8c000 2938       3       com.android.dx.ssa.back.FirstFitLocalCombiningAllocator::fitPlanForRange (250 bytes)
Event: 38.424 Thread 0x000000001bf8c000 nmethod 2938 0x000000000340f710 code [0x000000000340fac0, 0x0000000003411e88]

GC Heap History (10 events):
Event: 29.274 GC heap before
{Heap before GC invocations=25 (full 5):
 PSYoungGen      total 395776K, used 371475K [0x000000076ab00000, 0x0000000788480000, 0x00000007c0000000)
  eden space 315904K, 100% used [0x000000076ab00000,0x000000077df80000,0x000000077df80000)
  from space 79872K, 69% used [0x0000000783180000,0x00000007867c4e78,0x0000000787f80000)
  to   space 83968K, 0% used [0x000000077df80000,0x000000077df80000,0x0000000783180000)
 ParOldGen       total 478208K, used 327249K [0x00000006c0000000, 0x00000006dd300000, 0x000000076ab00000)
  object space 478208K, 68% used [0x00000006c0000000,0x00000006d3f94668,0x00000006dd300000)
 Metaspace       used 6422K, capacity 7280K, committed 7552K, reserved 1056768K
  class space    used 586K, capacity 616K, committed 640K, reserved 1048576K
Event: 29.405 GC heap after
Heap after GC invocations=25 (full 5):
 PSYoungGen      total 399872K, used 83942K [0x000000076ab00000, 0x000000078c980000, 0x00000007c0000000)
  eden space 315904K, 0% used [0x000000076ab00000,0x000000076ab00000,0x000000077df80000)
  from space 83968K, 99% used [0x000000077df80000,0x00000007831799e0,0x0000000783180000)
  to   space 103936K, 0% used [0x0000000786400000,0x0000000786400000,0x000000078c980000)
 ParOldGen       total 478208K, used 343640K [0x00000006c0000000, 0x00000006dd300000, 0x000000076ab00000)
  object space 478208K, 71% used [0x00000006c0000000,0x00000006d4f96220,0x00000006dd300000)
 Metaspace       used 6422K, capacity 7280K, committed 7552K, reserved 1056768K
  class space    used 586K, capacity 616K, committed 640K, reserved 1048576K
}
Event: 30.629 GC heap before
{Heap before GC invocations=26 (full 5):
 PSYoungGen      total 399872K, used 399846K [0x000000076ab00000, 0x000000078c980000, 0x00000007c0000000)
  eden space 315904K, 100% used [0x000000076ab00000,0x000000077df80000,0x000000077df80000)
  from space 83968K, 99% used [0x000000077df80000,0x00000007831799e0,0x0000000783180000)
  to   space 103936K, 0% used [0x0000000786400000,0x0000000786400000,0x000000078c980000)
 ParOldGen       total 478208K, used 343640K [0x00000006c0000000, 0x00000006dd300000, 0x000000076ab00000)
  object space 478208K, 71% used [0x00000006c0000000,0x00000006d4f96220,0x00000006dd300000)
 Metaspace       used 6422K, capacity 7280K, committed 7552K, reserved 1056768K
  class space    used 586K, capacity 616K, committed 640K, reserved 1048576K
Event: 30.932 GC heap after
Heap after GC invocations=26 (full 5):
 PSYoungGen      total 435200K, used 100394K [0x000000076ab00000, 0x000000078f080000, 0x00000007c0000000)
  eden space 331264K, 0% used [0x000000076ab00000,0x000000076ab00000,0x000000077ee80000)
  from space 103936K, 96% used [0x0000000786400000,0x000000078c60a8d0,0x000000078c980000)
  to   space 120320K, 0% used [0x000000077ee80000,0x000000077ee80000,0x0000000786400000)
 ParOldGen       total 478208K, used 390370K [0x00000006c0000000, 0x00000006dd300000, 0x000000076ab00000)
  object space 478208K, 81% used [0x00000006c0000000,0x00000006d7d38a98,0x00000006dd300000)
 Metaspace       used 6422K, capacity 7280K, committed 7552K, reserved 1056768K
  class space    used 586K, capacity 616K, committed 640K, reserved 1048576K
}
Event: 31.440 GC heap before
{Heap before GC invocations=27 (full 5):
 PSYoungGen      total 435200K, used 431658K [0x000000076ab00000, 0x000000078f080000, 0x00000007c0000000)
  eden space 331264K, 100% used [0x000000076ab00000,0x000000077ee80000,0x000000077ee80000)
  from space 103936K, 96% used [0x0000000786400000,0x000000078c60a8d0,0x000000078c980000)
  to   space 120320K, 0% used [0x000000077ee80000,0x000000077ee80000,0x0000000786400000)
 ParOldGen       total 478208K, used 390370K [0x00000006c0000000, 0x00000006dd300000, 0x000000076ab00000)
  object space 478208K, 81% used [0x00000006c0000000,0x00000006d7d38a98,0x00000006dd300000)
 Metaspace       used 6431K, capacity 7280K, committed 7552K, reserved 1056768K
  class space    used 587K, capacity 616K, committed 640K, reserved 1048576K
Event: 31.892 GC heap after
Heap after GC invocations=27 (full 5):
 PSYoungGen      total 435200K, used 431658K [0x000000076ab00000, 0x000000078f080000, 0x00000007c0000000)
  eden space 331264K, 100% used [0x000000076ab00000,0x000000077ee80000,0x000000077ee80000)
  from space 103936K, 96% used [0x0000000786400000,0x000000078c60a8d0,0x000000078c980000)
  to   space 120320K, 99% used [0x000000077ee80000,0x00000007863fd0c8,0x0000000786400000)
 ParOldGen       total 506880K, used 506252K [0x00000006c0000000, 0x00000006def00000, 0x000000076ab00000)
  object space 506880K, 99% used [0x00000006c0000000,0x00000006dee63000,0x00000006def00000)
 Metaspace       used 6431K, capacity 7280K, committed 7552K, reserved 1056768K
  class space    used 587K, capacity 616K, committed 640K, reserved 1048576K
}
Event: 31.892 GC heap before
{Heap before GC invocations=28 (full 6):
 PSYoungGen      total 435200K, used 431658K [0x000000076ab00000, 0x000000078f080000, 0x00000007c0000000)
  eden space 331264K, 100% used [0x000000076ab00000,0x000000077ee80000,0x000000077ee80000)
  from space 103936K, 96% used [0x0000000786400000,0x000000078c60a8d0,0x000000078c980000)
  to   space 120320K, 99% used [0x000000077ee80000,0x00000007863fd0c8,0x0000000786400000)
 ParOldGen       total 506880K, used 506252K [0x00000006c0000000, 0x00000006def00000, 0x000000076ab00000)
  object space 506880K, 99% used [0x00000006c0000000,0x00000006dee63000,0x00000006def00000)
 Metaspace       used 6431K, capacity 7280K, committed 7552K, reserved 1056768K
  class space    used 587K, capacity 616K, committed 640K, reserved 1048576K
Event: 35.530 GC heap after
Heap after GC invocations=28 (full 6):
 PSYoungGen      total 435200K, used 126380K [0x000000076ab00000, 0x000000078f080000, 0x00000007c0000000)
  eden space 331264K, 38% used [0x000000076ab00000,0x000000077266b320,0x000000077ee80000)
  from space 103936K, 0% used [0x0000000786400000,0x0000000786400000,0x000000078c980000)
  to   space 120320K, 0% used [0x000000077ee80000,0x000000077ee80000,0x0000000786400000)
 ParOldGen       total 506880K, used 506610K [0x00000006c0000000, 0x00000006def00000, 0x000000076ab00000)
  object space 506880K, 99% used [0x00000006c0000000,0x00000006deebc988,0x00000006def00000)
 Metaspace       used 6431K, capacity 7280K, committed 7552K, reserved 1056768K
  class space    used 587K, capacity 616K, committed 640K, reserved 1048576K
}
Event: 36.048 GC heap before
{Heap before GC invocations=29 (full 7):
 PSYoungGen      total 435200K, used 331264K [0x000000076ab00000, 0x000000078f080000, 0x00000007c0000000)
  eden space 331264K, 100% used [0x000000076ab00000,0x000000077ee80000,0x000000077ee80000)
  from space 103936K, 0% used [0x0000000786400000,0x0000000786400000,0x000000078c980000)
  to   space 120320K, 0% used [0x000000077ee80000,0x000000077ee80000,0x0000000786400000)
 ParOldGen       total 506880K, used 506610K [0x00000006c0000000, 0x00000006def00000, 0x000000076ab00000)
  object space 506880K, 99% used [0x00000006c0000000,0x00000006deebc988,0x00000006def00000)
 Metaspace       used 6432K, capacity 7280K, committed 7552K, reserved 1056768K
  class space    used 587K, capacity 616K, committed 640K, reserved 1048576K
Event: 37.913 GC heap after
Heap after GC invocations=29 (full 7):
 PSYoungGen      total 435200K, used 6820K [0x000000076ab00000, 0x000000078f080000, 0x00000007c0000000)
  eden space 331264K, 2% used [0x000000076ab00000,0x000000076b1a91b0,0x000000077ee80000)
  from space 103936K, 0% used [0x0000000786400000,0x0000000786400000,0x000000078c980000)
  to   space 120320K, 0% used [0x000000077ee80000,0x000000077ee80000,0x0000000786400000)
 ParOldGen       total 506880K, used 506837K [0x00000006c0000000, 0x00000006def00000, 0x000000076ab00000)
  object space 506880K, 99% used [0x00000006c0000000,0x00000006deef56c8,0x00000006def00000)
 Metaspace       used 6432K, capacity 7280K, committed 7552K, reserved 1056768K
  class space    used 587K, capacity 616K, committed 640K, reserved 1048576K
}

Deoptimization events (10 events):
Event: 31.322 Thread 0x000000001df82800 Uncommon trap: reason=class_check action=maybe_recompile pc=0x0000000002ca3bc8 method=com.android.dx.ssa.back.InterferenceGraph.add(II)V @ 19
Event: 31.322 Thread 0x000000001df82800 Uncommon trap: reason=class_check action=maybe_recompile pc=0x0000000002ae6868 method=com.android.dx.ssa.back.InterferenceGraph.add(II)V @ 19
Event: 35.575 Thread 0x000000001dc3c800 Uncommon trap: reason=class_check action=maybe_recompile pc=0x000000000322aa98 method=com.android.dx.ssa.back.InterferenceGraph.mergeInterferenceSet(ILcom/android/dx/util/IntSet;)V @ 20
Event: 35.575 Thread 0x000000001dc3c800 Uncommon trap: reason=class_check action=maybe_recompile pc=0x0000000002c25fd8 method=com.android.dx.util.BitIntSet.merge(Lcom/android/dx/util/IntSet;)V @ 1
Event: 35.576 Thread 0x000000001dc3c800 Uncommon trap: reason=class_check action=maybe_recompile pc=0x000000000322aa98 method=com.android.dx.ssa.back.InterferenceGraph.mergeInterferenceSet(ILcom/android/dx/util/IntSet;)V @ 20
Event: 35.576 Thread 0x000000001dc3c800 Uncommon trap: reason=class_check action=maybe_recompile pc=0x0000000002c25fd8 method=com.android.dx.util.BitIntSet.merge(Lcom/android/dx/util/IntSet;)V @ 1
Event: 35.576 Thread 0x000000001dc3c800 Uncommon trap: reason=class_check action=maybe_recompile pc=0x000000000322aa98 method=com.android.dx.ssa.back.InterferenceGraph.mergeInterferenceSet(ILcom/android/dx/util/IntSet;)V @ 20
Event: 35.576 Thread 0x000000001dc3c800 Uncommon trap: reason=class_check action=maybe_recompile pc=0x0000000002c25fd8 method=com.android.dx.util.BitIntSet.merge(Lcom/android/dx/util/IntSet;)V @ 1
Event: 35.582 Thread 0x000000001dc3c800 Uncommon trap: reason=class_check action=maybe_recompile pc=0x000000000322aa98 method=com.android.dx.ssa.back.InterferenceGraph.mergeInterferenceSet(ILcom/android/dx/util/IntSet;)V @ 20
Event: 35.582 Thread 0x000000001dc3c800 Uncommon trap: reason=class_check action=maybe_recompile pc=0x0000000002c25fd8 method=com.android.dx.util.BitIntSet.merge(Lcom/android/dx/util/IntSet;)V @ 1

Internal exceptions (8 events):
Event: 0.035 Thread 0x00000000026e0800 Exception <a 'java/lang/NoSuchMethodError': Method sun.misc.Unsafe.defineClass(Ljava/lang/String;[BII)Ljava/lang/Class; name or signature does not match> (0x000000076ab07cc0) thrown at [C:\src\android\AOSP-openjdk\external\jetbrains\jdk\hotspot\src\share\vÌˆeÆì¡?
Event: 0.035 Thread 0x00000000026e0800 Exception <a 'java/lang/NoSuchMethodError': Method sun.misc.Unsafe.prefetchRead(Ljava/lang/Object;J)V name or signature does not match> (0x000000076ab07fa8) thrown at [C:\src\android\AOSP-openjdk\external\jetbrains\jdk\hotspot\src\share\vm\prims\jni.cpp, lRw‘@ó?
Event: 1.195 Thread 0x000000001df83800 Implicit null exception at 0x0000000002bfb462 to 0x0000000002bfb55a
Event: 1.220 Thread 0x000000001df82800 Implicit null exception at 0x0000000002c0c477 to 0x0000000002c0edb5
Event: 2.229 Thread 0x000000001df83800 Exception <a 'java/lang/ArrayIndexOutOfBoundsException': 18> (0x000000076e7ae350) thrown at [C:\src\android\AOSP-openjdk\external\jetbrains\jdk\hotspot\src\share\vm\interpreter\interpreterRuntime.cpp, line 366]
Event: 2.230 Thread 0x000000001df83800 Exception <a 'java/lang/ArrayIndexOutOfBoundsException': 145> (0x000000076e7afed0) thrown at [C:\src\android\AOSP-openjdk\external\jetbrains\jdk\hotspot\src\share\vm\interpreter\interpreterRuntime.cpp, line 366]
Event: 2.231 Thread 0x000000001df83800 Exception <a 'java/lang/ArrayIndexOutOfBoundsException'> (0x000000076e7b11b8) thrown at [C:\src\android\AOSP-openjdk\external\jetbrains\jdk\hotspot\src\share\vm\runtime\sharedRuntime.cpp, line 605]
Event: 10.015 Thread 0x00000000026e0800 Implicit null exception at 0x0000000002a25b10 to 0x0000000002a26485

Events (10 events):
Event: 38.022 Thread 0x000000001df83800 DEOPT PACKING pc=0x00000000032aecce sp=0x000000001ebce990
Event: 38.022 Thread 0x000000001df83800 DEOPT UNPACKING pc=0x00000000029075bf sp=0x000000001ebce7c0 mode 0
Event: 38.087 Thread 0x000000001df83800 DEOPT PACKING pc=0x00000000032aecce sp=0x000000001ebce990
Event: 38.087 Thread 0x000000001df83800 DEOPT UNPACKING pc=0x00000000029075bf sp=0x000000001ebce7c0 mode 0
Event: 38.233 Thread 0x000000001df83800 DEOPT PACKING pc=0x00000000032aecce sp=0x000000001ebce8e0
Event: 38.233 Thread 0x000000001df83800 DEOPT UNPACKING pc=0x00000000029075bf sp=0x000000001ebce710 mode 0
Event: 38.360 Thread 0x000000001df83800 DEOPT PACKING pc=0x00000000032ae989 sp=0x000000001ebce990
Event: 38.360 Thread 0x000000001df83800 DEOPT UNPACKING pc=0x00000000029075bf sp=0x000000001ebce7c0 mode 0
Event: 38.424 Thread 0x000000001df83800 DEOPT PACKING pc=0x0000000003060604 sp=0x000000001ebce6f0
Event: 38.424 Thread 0x000000001df83800 DEOPT UNPACKING pc=0x00000000029075bf sp=0x000000001ebce428 mode 0


Dynamic libraries:
0x00007ff690780000 - 0x00007ff6907b1000 	C:\Program Files\Android\Android Studio\jre\bin\java.exe
0x00007fff420b0000 - 0x00007fff42281000 	C:\WINDOWS\SYSTEM32\ntdll.dll
0x00007fff400e0000 - 0x00007fff4018b000 	C:\WINDOWS\System32\KERNEL32.DLL
0x00007fff3e5a0000 - 0x00007fff3e7bd000 	C:\WINDOWS\System32\KERNELBASE.dll
0x00007fff3f8a0000 - 0x00007fff3f942000 	C:\WINDOWS\System32\ADVAPI32.dll
0x00007fff3fe10000 - 0x00007fff3feae000 	C:\WINDOWS\System32\msvcrt.dll
0x00007fff42050000 - 0x00007fff420a9000 	C:\WINDOWS\System32\sechost.dll
0x00007fff3f9b0000 - 0x00007fff3fad1000 	C:\WINDOWS\System32\RPCRT4.dll
0x00007fff41ee0000 - 0x00007fff42045000 	C:\WINDOWS\System32\USER32.dll
0x00007fff3e860000 - 0x00007fff3e87e000 	C:\WINDOWS\System32\win32u.dll
0x00007fff41e70000 - 0x00007fff41ea4000 	C:\WINDOWS\System32\GDI32.dll
0x00007fff3f110000 - 0x00007fff3f292000 	C:\WINDOWS\System32\gdi32full.dll
0x00007fff38330000 - 0x00007fff385a9000 	C:\WINDOWS\WinSxS\amd64_microsoft.windows.common-controls_6595b64144ccf1df_6.0.14393.447_none_42191651c6827bb3\COMCTL32.dll
0x00007fff41ba0000 - 0x00007fff41e67000 	C:\WINDOWS\System32\combase.dll
0x00007fff3ef60000 - 0x00007fff3f055000 	C:\WINDOWS\System32\ucrtbase.dll
0x00007fff3f5d0000 - 0x00007fff3f63a000 	C:\WINDOWS\System32\bcryptPrimitives.dll
0x00007fff41eb0000 - 0x00007fff41ede000 	C:\WINDOWS\System32\IMM32.DLL
0x0000000074a40000 - 0x0000000074b12000 	C:\Program Files\Android\Android Studio\jre\jre\bin\msvcr100.dll
0x0000000074b20000 - 0x0000000075354000 	C:\Program Files\Android\Android Studio\jre\jre\bin\server\jvm.dll
0x00007fff40620000 - 0x00007fff40628000 	C:\WINDOWS\System32\PSAPI.DLL
0x00007fff3c9a0000 - 0x00007fff3c9c3000 	C:\WINDOWS\SYSTEM32\WINMM.dll
0x00007fff385e0000 - 0x00007fff385ea000 	C:\WINDOWS\SYSTEM32\VERSION.dll
0x00007fff30ed0000 - 0x00007fff30ed9000 	C:\WINDOWS\SYSTEM32\WSOCK32.dll
0x00007fff3fb50000 - 0x00007fff3fbba000 	C:\WINDOWS\System32\WS2_32.dll
0x00007fff3c970000 - 0x00007fff3c99b000 	C:\WINDOWS\SYSTEM32\WINMMBASE.dll
0x00007fff3f2a0000 - 0x00007fff3f2e2000 	C:\WINDOWS\System32\cfgmgr32.dll
0x00007fff394c0000 - 0x00007fff394cf000 	C:\Program Files\Android\Android Studio\jre\jre\bin\verify.dll
0x00007fff32ee0000 - 0x00007fff32f09000 	C:\Program Files\Android\Android Studio\jre\jre\bin\java.dll
0x00007fff393f0000 - 0x00007fff39406000 	C:\Program Files\Android\Android Studio\jre\jre\bin\zip.dll
0x00007fff40630000 - 0x00007fff41b39000 	C:\WINDOWS\System32\SHELL32.dll
0x00007fff3e880000 - 0x00007fff3ef5a000 	C:\WINDOWS\System32\windows.storage.dll
0x00007fff3e550000 - 0x00007fff3e59c000 	C:\WINDOWS\System32\powrprof.dll
0x00007fff405c0000 - 0x00007fff40612000 	C:\WINDOWS\System32\shlwapi.dll
0x00007fff3e510000 - 0x00007fff3e51f000 	C:\WINDOWS\System32\kernel.appcore.dll
0x00007fff3f060000 - 0x00007fff3f109000 	C:\WINDOWS\System32\shcore.dll
0x00007fff3e530000 - 0x00007fff3e544000 	C:\WINDOWS\System32\profapi.dll

VM Arguments:
jvm_args: -Djava.awt.headless=true -Xmx4g -Dfile.encoding=windows-1252 -Duser.country=IN -Duser.language=en -Duser.variant 
java_command: com.android.dx.command.Main --dex --force-jumbo --num-threads=4 --multi-dex --main-dex-list E:\City Guide v1.1\Android Studio\CityGuide\app\build\intermediates\multi-dex\debug\maindexlist.txt --output E:\City Guide v1.1\Android Studio\CityGuide\app\build\intermediates\transforms\dex\debug\folders\1000\1f\main E:\City Guide v1.1\Android Studio\CityGuide\app\build\intermediates\transforms\jarMerging\debug\jars\1\1f\combined.jar
java_class_path (initial): C:\Users\Naseem\AppData\Local\Android\sdk\build-tools\25.0.2\lib\dx.jar
Launcher Type: SUN_STANDARD

Environment Variables:
JAVA_HOME=C:\Program Files\Java\jdk1.8.0_101
PATH=C:\Users\Naseem\AppData\Local\Android\sdk;C:\Newgradle\gradle-3.1\bin;C:\Program Files\Git\cmd;C:\Program Files\Git\mingw64\bin;C:\Program Files\Git\usr\bin;C:\Program Files (x86)\Skype\Phone\;C:\Program Files\OpenSSL\bin\;C:\Program Files\Java\jdk1.8.0_101\bin
USERNAME=Naseem
OS=Windows_NT
PROCESSOR_IDENTIFIER=Intel64 Family 6 Model 58 Stepping 9, GenuineIntel



---------------  S Y S T E M  ---------------

OS: Windows 10.0 , 64 bit Build 14393 (10.0.14393.0)

CPU:total 4 (2 cores per cpu, 2 threads per core) family 6 model 58 stepping 9, cmov, cx8, fxsr, mmx, sse, sse2, sse3, ssse3, sse4.1, sse4.2, popcnt, avx, clmul, erms, ht, tsc, tscinvbit, tscinv

Memory: 4k page, physical 4090216k(211752k free), swap 7235944k(5480k free)

vm_info: OpenJDK 64-Bit Server VM (25.76-b03) for windows-amd64 JRE (1.8.0_76-release-b03), built on Jun 29 2016 19:09:20 by "ralucas" with MS VC++ 10.0 (VS2010)

time: Mon Oct 16 11:07:18 2017
elapsed time: 38 seconds (0d 0h 0m 38s)

