#
# There is insufficient memory for the Java Runtime Environment to continue.
# Native memory allocation (malloc) failed to allocate 226736 bytes for Chunk::new
# Possible reasons:
#   The system is out of physical RAM or swap space
#   In 32 bit mode, the process size limit was hit
# Possible solutions:
#   Reduce memory load on the system
#   Increase physical memory or swap space
#   Check if swap backing store is full
#   Use 64 bit Java on a 64 bit OS
#   Decrease Java heap size (-Xmx/-Xms)
#   Decrease number of Java threads
#   Decrease Java thread stack sizes (-Xss)
#   Set larger code cache with -XX:ReservedCodeCacheSize=
# This output file may be truncated or incomplete.
#
#  Out of Memory Error (allocation.cpp:390), pid=7784, tid=0x0000000000002518
#
# JRE version: OpenJDK Runtime Environment (8.0_76-b03) (build 1.8.0_76-release-b03)
# Java VM: OpenJDK 64-Bit Server VM (25.76-b03 mixed mode windows-amd64 compressed oops)
# Failed to write core dump. Minidumps are not enabled by default on client versions of Windows
#

---------------  T H R E A D  ---------------

Current thread (0x0000000015228800):  JavaThread "C2 CompilerThread0" daemon [_thread_in_native, id=9496, stack(0x0000000016870000,0x0000000016970000)]

Stack: [0x0000000016870000,0x0000000016970000]
[error occurred during error reporting (printing stack bounds), id 0xc0000005]

Native frames: (J=compiled Java code, j=interpreted, Vv=VM code, C=native code)


Current CompileTask:
C2:   7090 1824       4       com.android.dx.cf.code.BasicBlocker::getBlockList (208 bytes)


---------------  P R O C E S S  ---------------

Java Threads: ( => current thread )
  0x0000000016ccb000 JavaThread "pool-1-thread-4" [_thread_blocked, id=3780, stack(0x0000000017570000,0x0000000017670000)]
  0x0000000016cca000 JavaThread "pool-1-thread-3" [_thread_blocked, id=8944, stack(0x0000000017470000,0x0000000017570000)]
  0x0000000016cb1000 JavaThread "pool-1-thread-2" [_thread_blocked, id=6376, stack(0x0000000017370000,0x0000000017470000)]
  0x0000000016cae000 JavaThread "pool-2-thread-1" [_thread_blocked, id=10760, stack(0x0000000017270000,0x0000000017370000)]
  0x0000000016d4d800 JavaThread "pool-1-thread-1" [_thread_blocked, id=5492, stack(0x0000000017170000,0x0000000017270000)]
  0x000000001527d800 JavaThread "Service Thread" daemon [_thread_blocked, id=1804, stack(0x0000000016f70000,0x0000000017070000)]
  0x000000001527b800 JavaThread "C1 CompilerThread2" daemon [_thread_blocked, id=1164, stack(0x0000000016e70000,0x0000000016f70000)]
  0x000000001522b800 JavaThread "C2 CompilerThread1" daemon [_thread_in_native, id=2120, stack(0x0000000016970000,0x0000000016a70000)]
=>0x0000000015228800 JavaThread "C2 CompilerThread0" daemon [_thread_in_native, id=9496, stack(0x0000000016870000,0x0000000016970000)]
  0x0000000015227800 JavaThread "Attach Listener" daemon [_thread_blocked, id=3052, stack(0x0000000016770000,0x0000000016870000)]
  0x0000000015226800 JavaThread "Signal Dispatcher" daemon [_thread_blocked, id=10368, stack(0x0000000016670000,0x0000000016770000)]
  0x0000000015208000 JavaThread "Finalizer" daemon [_thread_blocked, id=7172, stack(0x0000000016480000,0x0000000016580000)]
  0x00000000151e6800 JavaThread "Reference Handler" daemon [_thread_blocked, id=2620, stack(0x0000000016380000,0x0000000016480000)]
  0x0000000002970800 JavaThread "main" [_thread_blocked, id=7300, stack(0x0000000002820000,0x0000000002920000)]

Other Threads:
  0x00000000151e5000 VMThread [stack: 0x0000000016280000,0x0000000016380000] [id=2192]
  0x000000001527e800 WatcherThread [stack: 0x0000000017070000,0x0000000017170000] [id=1760]

VM state:not at safepoint (normal execution)

VM Mutex/Monitor currently owned by a thread: None

Heap:
 PSYoungGen      total 68096K, used 29360K [0x00000000eab00000, 0x00000000ef000000, 0x0000000100000000)
  eden space 65536K, 40% used [0x00000000eab00000,0x00000000ec52f460,0x00000000eeb00000)
  from space 2560K, 99% used [0x00000000eed80000,0x00000000eeffcf68,0x00000000ef000000)
  to   space 2560K, 0% used [0x00000000eeb00000,0x00000000eeb00000,0x00000000eed80000)
 ParOldGen       total 44032K, used 14076K [0x00000000c0000000, 0x00000000c2b00000, 0x00000000eab00000)
  object space 44032K, 31% used [0x00000000c0000000,0x00000000c0dbf060,0x00000000c2b00000)
 Metaspace       used 6102K, capacity 7152K, committed 7296K, reserved 1056768K
  class space    used 565K, capacity 616K, committed 640K, reserved 1048576K

Card table byte_map: [0x0000000011f10000,0x0000000012120000] byte_map_base: 0x0000000011910000

Marking Bits: (ParMarkBitMap*) 0x00000000752d9d00
 Begin Bits: [0x0000000012680000, 0x0000000013680000)
 End Bits:   [0x0000000013680000, 0x0000000014680000)

Polling page: 0x00000000010c0000

CodeCache: size=245760Kb used=8128Kb max_used=8149Kb free=237631Kb
 bounds [0x0000000002b50000, 0x0000000003350000, 0x0000000011b50000]
 total_blobs=2060 nmethods=1797 adapters=176
 compilation: enabled

Compilation events (10 events):
Event: 6.898 Thread 0x000000001527b800 1838       2       com.android.dx.ssa.Dominators$DfsWalker::<init> (6 bytes)
Event: 6.898 Thread 0x0000000015228800 nmethod 1817 0x0000000003341d50 code [0x0000000003341fa0, 0x0000000003343af8]
Event: 6.899 Thread 0x0000000015228800 1826       4       com.android.dx.ssa.back.IdenticalBlockCombiner::process (323 bytes)
Event: 6.905 Thread 0x000000001527b800 nmethod 1838 0x00000000033141d0 code [0x0000000003314320, 0x0000000003314490]
Event: 6.905 Thread 0x000000001527b800 1839       2       com.android.dx.ssa.Dominators$DfsWalker::<init> (15 bytes)
Event: 6.905 Thread 0x000000001527b800 nmethod 1839 0x0000000003313e90 code [0x0000000003313fe0, 0x0000000003314150]
Event: 6.927 Thread 0x000000001527b800 1840       3       com.android.dx.cf.direct.DirectClassFile::makeTypeList (47 bytes)
Event: 6.927 Thread 0x000000001527b800 nmethod 1840 0x0000000003313850 code [0x00000000033139e0, 0x0000000003313d38]
Event: 7.033 Thread 0x0000000015228800 nmethod 1826 0x0000000003345f90 code [0x0000000003346200, 0x00000000033488c8]
Event: 7.033 Thread 0x0000000015228800 1824       4       com.android.dx.cf.code.BasicBlocker::getBlockList (208 bytes)

GC Heap History (8 events):
Event: 1.438 GC heap before
{Heap before GC invocations=1 (full 0):
 PSYoungGen      total 18944K, used 16384K [0x00000000eab00000, 0x00000000ec000000, 0x0000000100000000)
  eden space 16384K, 100% used [0x00000000eab00000,0x00000000ebb00000,0x00000000ebb00000)
  from space 2560K, 0% used [0x00000000ebd80000,0x00000000ebd80000,0x00000000ec000000)
  to   space 2560K, 0% used [0x00000000ebb00000,0x00000000ebb00000,0x00000000ebd80000)
 ParOldGen       total 44032K, used 0K [0x00000000c0000000, 0x00000000c2b00000, 0x00000000eab00000)
  object space 44032K, 0% used [0x00000000c0000000,0x00000000c0000000,0x00000000c2b00000)
 Metaspace       used 5505K, capacity 6640K, committed 6784K, reserved 1056768K
  class space    used 557K, capacity 616K, committed 640K, reserved 1048576K
Event: 1.659 GC heap after
Heap after GC invocations=1 (full 0):
 PSYoungGen      total 18944K, used 2554K [0x00000000eab00000, 0x00000000ed000000, 0x0000000100000000)
  eden space 16384K, 0% used [0x00000000eab00000,0x00000000eab00000,0x00000000ebb00000)
  from space 2560K, 99% used [0x00000000ebb00000,0x00000000ebd7ea98,0x00000000ebd80000)
  to   space 2560K, 0% used [0x00000000ecd80000,0x00000000ecd80000,0x00000000ed000000)
 ParOldGen       total 44032K, used 1332K [0x00000000c0000000, 0x00000000c2b00000, 0x00000000eab00000)
  object space 44032K, 3% used [0x00000000c0000000,0x00000000c014d218,0x00000000c2b00000)
 Metaspace       used 5505K, capacity 6640K, committed 6784K, reserved 1056768K
  class space    used 557K, capacity 616K, committed 640K, reserved 1048576K
}
Event: 2.924 GC heap before
{Heap before GC invocations=2 (full 0):
 PSYoungGen      total 18944K, used 18938K [0x00000000eab00000, 0x00000000ed000000, 0x0000000100000000)
  eden space 16384K, 100% used [0x00000000eab00000,0x00000000ebb00000,0x00000000ebb00000)
  from space 2560K, 99% used [0x00000000ebb00000,0x00000000ebd7ea98,0x00000000ebd80000)
  to   space 2560K, 0% used [0x00000000ecd80000,0x00000000ecd80000,0x00000000ed000000)
 ParOldGen       total 44032K, used 1332K [0x00000000c0000000, 0x00000000c2b00000, 0x00000000eab00000)
  object space 44032K, 3% used [0x00000000c0000000,0x00000000c014d218,0x00000000c2b00000)
 Metaspace       used 5800K, capacity 6896K, committed 7040K, reserved 1056768K
  class space    used 560K, capacity 616K, committed 640K, reserved 1048576K
Event: 2.954 GC heap after
Heap after GC invocations=2 (full 0):
 PSYoungGen      total 35328K, used 2554K [0x00000000eab00000, 0x00000000ed000000, 0x0000000100000000)
  eden space 32768K, 0% used [0x00000000eab00000,0x00000000eab00000,0x00000000ecb00000)
  from space 2560K, 99% used [0x00000000ecd80000,0x00000000ecffeaa8,0x00000000ed000000)
  to   space 2560K, 0% used [0x00000000ecb00000,0x00000000ecb00000,0x00000000ecd80000)
 ParOldGen       total 44032K, used 3395K [0x00000000c0000000, 0x00000000c2b00000, 0x00000000eab00000)
  object space 44032K, 7% used [0x00000000c0000000,0x00000000c0350c98,0x00000000c2b00000)
 Metaspace       used 5800K, capacity 6896K, committed 7040K, reserved 1056768K
  class space    used 560K, capacity 616K, committed 640K, reserved 1048576K
}
Event: 3.953 GC heap before
{Heap before GC invocations=3 (full 0):
 PSYoungGen      total 35328K, used 35322K [0x00000000eab00000, 0x00000000ed000000, 0x0000000100000000)
  eden space 32768K, 100% used [0x00000000eab00000,0x00000000ecb00000,0x00000000ecb00000)
  from space 2560K, 99% used [0x00000000ecd80000,0x00000000ecffeaa8,0x00000000ed000000)
  to   space 2560K, 0% used [0x00000000ecb00000,0x00000000ecb00000,0x00000000ecd80000)
 ParOldGen       total 44032K, used 3395K [0x00000000c0000000, 0x00000000c2b00000, 0x00000000eab00000)
  object space 44032K, 7% used [0x00000000c0000000,0x00000000c0350c98,0x00000000c2b00000)
 Metaspace       used 6034K, capacity 7088K, committed 7296K, reserved 1056768K
  class space    used 564K, capacity 616K, committed 640K, reserved 1048576K
Event: 4.092 GC heap after
Heap after GC invocations=3 (full 0):
 PSYoungGen      total 35328K, used 2528K [0x00000000eab00000, 0x00000000ef000000, 0x0000000100000000)
  eden space 32768K, 0% used [0x00000000eab00000,0x00000000eab00000,0x00000000ecb00000)
  from space 2560K, 98% used [0x00000000ecb00000,0x00000000ecd78010,0x00000000ecd80000)
  to   space 2560K, 0% used [0x00000000eed80000,0x00000000eed80000,0x00000000ef000000)
 ParOldGen       total 44032K, used 8510K [0x00000000c0000000, 0x00000000c2b00000, 0x00000000eab00000)
  object space 44032K, 19% used [0x00000000c0000000,0x00000000c084f8b0,0x00000000c2b00000)
 Metaspace       used 6034K, capacity 7088K, committed 7296K, reserved 1056768K
  class space    used 564K, capacity 616K, committed 640K, reserved 1048576K
}
Event: 6.221 GC heap before
{Heap before GC invocations=4 (full 0):
 PSYoungGen      total 35328K, used 35296K [0x00000000eab00000, 0x00000000ef000000, 0x0000000100000000)
  eden space 32768K, 100% used [0x00000000eab00000,0x00000000ecb00000,0x00000000ecb00000)
  from space 2560K, 98% used [0x00000000ecb00000,0x00000000ecd78010,0x00000000ecd80000)
  to   space 2560K, 0% used [0x00000000eed80000,0x00000000eed80000,0x00000000ef000000)
 ParOldGen       total 44032K, used 8510K [0x00000000c0000000, 0x00000000c2b00000, 0x00000000eab00000)
  object space 44032K, 19% used [0x00000000c0000000,0x00000000c084f8b0,0x00000000c2b00000)
 Metaspace       used 6080K, capacity 7152K, committed 7296K, reserved 1056768K
  class space    used 564K, capacity 616K, committed 640K, reserved 1048576K
Event: 6.285 GC heap after
Heap after GC invocations=4 (full 0):
 PSYoungGen      total 68096K, used 2547K [0x00000000eab00000, 0x00000000ef000000, 0x0000000100000000)
  eden space 65536K, 0% used [0x00000000eab00000,0x00000000eab00000,0x00000000eeb00000)
  from space 2560K, 99% used [0x00000000eed80000,0x00000000eeffcf68,0x00000000ef000000)
  to   space 2560K, 0% used [0x00000000eeb00000,0x00000000eeb00000,0x00000000eed80000)
 ParOldGen       total 44032K, used 14076K [0x00000000c0000000, 0x00000000c2b00000, 0x00000000eab00000)
  object space 44032K, 31% used [0x00000000c0000000,0x00000000c0dbf060,0x00000000c2b00000)
 Metaspace       used 6080K, capacity 7152K, committed 7296K, reserved 1056768K
  class space    used 564K, capacity 616K, committed 640K, reserved 1048576K
}

Deoptimization events (10 events):
Event: 5.342 Thread 0x0000000016cb1000 Uncommon trap: reason=unstable_if action=reinterpret pc=0x000000000316533c method=com.android.dx.dex.code.OutputFinisher.hasLocalInfo(Lcom/android/dx/dex/code/DalvInsn;)Z @ 24
Event: 5.355 Thread 0x0000000016cca000 Uncommon trap: reason=bimorphic action=maybe_recompile pc=0x000000000302542c method=com.android.dx.cf.code.BytecodeArray.parseInstruction(ILcom/android/dx/cf/code/BytecodeArray$Visitor;)I @ 2281
Event: 5.355 Thread 0x0000000016cca000 Uncommon trap: reason=bimorphic action=maybe_recompile pc=0x000000000302542c method=com.android.dx.cf.code.BytecodeArray.parseInstruction(ILcom/android/dx/cf/code/BytecodeArray$Visitor;)I @ 2281
Event: 5.360 Thread 0x0000000016cca000 Uncommon trap: reason=unstable_if action=reinterpret pc=0x0000000003035780 method=com.android.dx.ssa.SCCP.simulateStmt(Lcom/android/dx/ssa/SsaInsn;)V @ 59
Event: 6.079 Thread 0x0000000002970800 Uncommon trap: reason=unloaded action=reinterpret pc=0x00000000030b8cc4 method=com.android.dx.cf.cst.ConstantPoolParser.parse0(ILjava/util/BitSet;)Lcom/android/dx/rop/cst/Constant; @ 176
Event: 6.097 Thread 0x0000000016ccb000 Uncommon trap: reason=uninitialized action=reinterpret pc=0x0000000003028070 method=com.android.dx.cf.code.BytecodeArray.parseInstruction(ILcom/android/dx/cf/code/BytecodeArray$Visitor;)I @ 1063
Event: 6.122 Thread 0x0000000016ccb000 Uncommon trap: reason=bimorphic action=maybe_recompile pc=0x000000000325c228 method=com.android.dx.cf.code.RopperMachine.run(Lcom/android/dx/cf/code/Frame;II)V @ 988
Event: 6.130 Thread 0x0000000016ccb000 Uncommon trap: reason=unstable_if action=reinterpret pc=0x0000000003216c60 method=com.android.dx.util.MutabilityControl.isImmutable()Z @ 4
Event: 6.130 Thread 0x0000000016ccb000 Uncommon trap: reason=unstable_if action=reinterpret pc=0x00000000032812f4 method=com.android.dx.util.MutabilityControl.isImmutable()Z @ 4
Event: 6.331 Thread 0x0000000016d4d800 Uncommon trap: reason=unstable_if action=reinterpret pc=0x00000000031b43e4 method=com.android.dx.rop.code.RegisterSpecSet.localItemToSpec(Lcom/android/dx/rop/code/LocalItem;)Lcom/android/dx/rop/code/RegisterSpec; @ 35

Internal exceptions (3 events):
Event: 0.058 Thread 0x0000000002970800 Exception <a 'java/lang/NoSuchMethodError': Method sun.misc.Unsafe.defineClass(Ljava/lang/String;[BII)Ljava/lang/Class; name or signature does not match> (0x00000000eab07cc0) thrown at [C:\src\android\AOSP-openjdk\external\jetbrains\jdk\hotspot\src\share\v–ÇýúÃÁ­?
Event: 0.058 Thread 0x0000000002970800 Exception <a 'java/lang/NoSuchMethodError': Method sun.misc.Unsafe.prefetchRead(Ljava/lang/Object;J)V name or signature does not match> (0x00000000eab07fa8) thrown at [C:\src\android\AOSP-openjdk\external\jetbrains\jdk\hotspot\src\share\vm\prims\jni.cpp, l8†jnÕPþ?
Event: 1.895 Thread 0x0000000016ccb000 Implicit null exception at 0x0000000002dd1657 to 0x0000000002dd3b61

Events (10 events):
Event: 6.305 Thread 0x0000000016cca000 DEOPT UNPACKING pc=0x0000000002b975bf sp=0x000000001756e520 mode 0
Event: 6.331 Thread 0x0000000016d4d800 Uncommon trap: trap_request=0xffffff65 fr.pc=0x00000000031b43e4
Event: 6.331 Thread 0x0000000016d4d800 DEOPT PACKING pc=0x00000000031b43e4 sp=0x000000001726e4c0
Event: 6.331 Thread 0x0000000016d4d800 DEOPT UNPACKING pc=0x0000000002b9556a sp=0x000000001726e428 mode 2
Event: 6.369 loading class com/android/dx/cf/attrib/AttDeprecated
Event: 6.369 loading class com/android/dx/cf/attrib/AttDeprecated done
Event: 6.785 Thread 0x0000000016cca000 DEOPT PACKING pc=0x000000000323ebbd sp=0x000000001756e800
Event: 6.785 Thread 0x0000000016cca000 DEOPT UNPACKING pc=0x0000000002b975bf sp=0x000000001756e5a0 mode 0
Event: 6.888 loading class com/android/dx/cf/attrib/AttRuntimeVisibleAnnotations
Event: 6.888 loading class com/android/dx/cf/attrib/AttRuntimeVisibleAnnotations done


Dynamic libraries:
0x00007ff62a7e0000 - 0x00007ff62a811000 	C:\Program Files\Android\Android Studio\jre\bin\java.exe
0x00007fff420b0000 - 0x00007fff42281000 	C:\WINDOWS\SYSTEM32\ntdll.dll
0x00007fff400e0000 - 0x00007fff4018b000 	C:\WINDOWS\System32\KERNEL32.DLL
0x00007fff3e5a0000 - 0x00007fff3e7bd000 	C:\WINDOWS\System32\KERNELBASE.dll
0x00007fff3f8a0000 - 0x00007fff3f942000 	C:\WINDOWS\System32\ADVAPI32.dll
0x00007fff3fe10000 - 0x00007fff3feae000 	C:\WINDOWS\System32\msvcrt.dll
0x00007fff42050000 - 0x00007fff420a9000 	C:\WINDOWS\System32\sechost.dll
0x00007fff3f9b0000 - 0x00007fff3fad1000 	C:\WINDOWS\System32\RPCRT4.dll
0x00007fff41ee0000 - 0x00007fff42045000 	C:\WINDOWS\System32\USER32.dll
0x00007fff3e860000 - 0x00007fff3e87e000 	C:\WINDOWS\System32\win32u.dll
0x00007fff41e70000 - 0x00007fff41ea4000 	C:\WINDOWS\System32\GDI32.dll
0x00007fff3f110000 - 0x00007fff3f292000 	C:\WINDOWS\System32\gdi32full.dll
0x00007fff38330000 - 0x00007fff385a9000 	C:\WINDOWS\WinSxS\amd64_microsoft.windows.common-controls_6595b64144ccf1df_6.0.14393.447_none_42191651c6827bb3\COMCTL32.dll
0x00007fff41ba0000 - 0x00007fff41e67000 	C:\WINDOWS\System32\combase.dll
0x00007fff3ef60000 - 0x00007fff3f055000 	C:\WINDOWS\System32\ucrtbase.dll
0x00007fff3f5d0000 - 0x00007fff3f63a000 	C:\WINDOWS\System32\bcryptPrimitives.dll
0x00007fff41eb0000 - 0x00007fff41ede000 	C:\WINDOWS\System32\IMM32.DLL
0x0000000074a40000 - 0x0000000074b12000 	C:\Program Files\Android\Android Studio\jre\jre\bin\msvcr100.dll
0x0000000074b20000 - 0x0000000075354000 	C:\Program Files\Android\Android Studio\jre\jre\bin\server\jvm.dll
0x00007fff40620000 - 0x00007fff40628000 	C:\WINDOWS\System32\PSAPI.DLL
0x00007fff30ed0000 - 0x00007fff30ed9000 	C:\WINDOWS\SYSTEM32\WSOCK32.dll
0x00007fff3fb50000 - 0x00007fff3fbba000 	C:\WINDOWS\System32\WS2_32.dll
0x00007fff3c9a0000 - 0x00007fff3c9c3000 	C:\WINDOWS\SYSTEM32\WINMM.dll
0x00007fff385e0000 - 0x00007fff385ea000 	C:\WINDOWS\SYSTEM32\VERSION.dll
0x0000000001090000 - 0x00000000010bb000 	C:\WINDOWS\SYSTEM32\WINMMBASE.dll
0x00007fff3f2a0000 - 0x00007fff3f2e2000 	C:\WINDOWS\System32\cfgmgr32.dll
0x00007fff3c930000 - 0x00007fff3c93f000 	C:\Program Files\Android\Android Studio\jre\jre\bin\verify.dll
0x00007fff33060000 - 0x00007fff33089000 	C:\Program Files\Android\Android Studio\jre\jre\bin\java.dll
0x00007fff33040000 - 0x00007fff33056000 	C:\Program Files\Android\Android Studio\jre\jre\bin\zip.dll
0x00007fff40630000 - 0x00007fff41b39000 	C:\WINDOWS\System32\SHELL32.dll
0x00007fff3e880000 - 0x00007fff3ef5a000 	C:\WINDOWS\System32\windows.storage.dll
0x00007fff3e550000 - 0x00007fff3e59c000 	C:\WINDOWS\System32\powrprof.dll
0x00007fff405c0000 - 0x00007fff40612000 	C:\WINDOWS\System32\shlwapi.dll
0x00007fff3e510000 - 0x00007fff3e51f000 	C:\WINDOWS\System32\kernel.appcore.dll
0x00007fff3f060000 - 0x00007fff3f109000 	C:\WINDOWS\System32\shcore.dll
0x00007fff3e530000 - 0x00007fff3e544000 	C:\WINDOWS\System32\profapi.dll

VM Arguments:
jvm_args: -Djava.awt.headless=true -Xmx1024M -Dfile.encoding=windows-1252 -Duser.country=IN -Duser.language=en -Duser.variant 
java_command: com.android.dx.command.Main --dex --force-jumbo --num-threads=4 --output E:\City Guide v1.1\Android Studio\CityGuide\app\build\intermediates\pre-dexed\debug\classes_72ae83b7f6e17f86172473e1d95f07d7c33b7b26.jar C:\Users\Naseem\.android\build-cache\361f2ade84f604fb2feec7085dfe9f6ec0371c75\output\jars\classes.jar
java_class_path (initial): C:\Users\Naseem\AppData\Local\Android\sdk\build-tools\25.0.2\lib\dx.jar
Launcher Type: SUN_STANDARD

Environment Variables:
JAVA_HOME=C:\Program Files\Java\jdk1.8.0_101
PATH=C:\Users\Naseem\AppData\Local\Android\sdk;C:\Newgradle\gradle-3.1\bin;C:\Program Files\Git\cmd;C:\Program Files\Git\mingw64\bin;C:\Program Files\Git\usr\bin;C:\Program Files (x86)\Skype\Phone\;C:\Program Files\OpenSSL\bin\;C:\Program Files\Java\jdk1.8.0_101\bin
USERNAME=Naseem
OS=Windows_NT
PROCESSOR_IDENTIFIER=Intel64 Family 6 Model 58 Stepping 9, GenuineIntel



---------------  S Y S T E M  ---------------

OS: Windows 10.0 , 64 bit Build 14393 (10.0.14393.0)

CPU:total 4 (2 cores per cpu, 2 threads per core) family 6 model 58 stepping 9, cmov, cx8, fxsr, mmx, sse, sse2, sse3, ssse3, sse4.1, sse4.2, popcnt, avx, clmul, erms, ht, tsc, tscinvbit, tscinv

Memory: 4k page, physical 4090216k(439736k free), swap 7235944k(9364k free)

vm_info: OpenJDK 64-Bit Server VM (25.76-b03) for windows-amd64 JRE (1.8.0_76-release-b03), built on Jun 29 2016 19:09:20 by "ralucas" with MS VC++ 10.0 (VS2010)

time: Fri Oct 13 12:10:40 2017
elapsed time: 7 seconds (0d 0h 0m 7s)

